0 info it worked if it ends with ok
1 verbose cli [ 'C:\\Program Files (x86)\\nodejs\\node.exe',
1 verbose cli   'C:\\Users\\user\\AppData\\Roaming\\npm\\node_modules\\npm\\bin\\npm-cli.js',
1 verbose cli   'run',
1 verbose cli   'babel-node',
1 verbose cli   'app.js' ]
2 info using npm@3.9.0
3 info using node@v6.1.0
4 verbose run-script [ 'prebabel-node', 'babel-node', 'postbabel-node' ]
5 info lifecycle daaasgud@1.0.0~prebabel-node: daaasgud@1.0.0
6 silly lifecycle daaasgud@1.0.0~prebabel-node: no script for prebabel-node, continuing
7 info lifecycle daaasgud@1.0.0~babel-node: daaasgud@1.0.0
8 verbose lifecycle daaasgud@1.0.0~babel-node: unsafe-perm in lifecycle true
9 verbose lifecycle daaasgud@1.0.0~babel-node: PATH: C:\Users\user\AppData\Roaming\npm\node_modules\npm\bin\node-gyp-bin;C:\Users\user\Desktop\govhack\hidingWally\app\node_modules\.bin;C:\Program Files (x86)\nodejs;C:\Users\user\AppData\Roaming\npm\node_modules\npm\bin\node-gyp-bin;C:\Users\user\Desktop\govhack\hidingWally\app\node_modules\.bin;C:\Program Files (x86)\nodejs;C:\Users\user\bin;C:\Program Files\Git\mingw64\bin;C:\Program Files\Git\usr\local\bin;C:\Program Files\Git\usr\bin;C:\Program Files\Git\usr\bin;C:\Program Files\Git\mingw64\bin;C:\Program Files\Git\usr\bin;C:\Users\user\bin;C:\Go\bin;C:\RailsInstaller\Git\cmd;C:\RailsInstaller\Ruby2.2.0\bin;C:\ProgramData\Oracle\Java\javapath;C:\WINDOWS\system32;C:\WINDOWS;C:\WINDOWS\System32\Wbem;C:\WINDOWS\System32\WindowsPowerShell\v1.0;C:\Program Files (x86)\Google\Google Apps Sync;C:\Program Files (x86)\MySQL\MySQL Fabric 1.5.3 & MySQL Utilities 1.5.3 1.5;C:\Program Files (x86)\MySQL\MySQL Fabric 1.5.3 & MySQL Utilities 1.5.3 1.5\Doctrine extensions for PHP;C:\Program Files\Microsoft\Web Platform Installer;C:\Program Files (x86)\Microsoft ASP.NET\ASP.NET Web Pages\v1.0;C:\Program Files (x86)\Windows Kits\8.0\Windows Performance Toolkit;C:\Program Files\Microsoft SQL Server\110\Tools\Binn;C:\Program Files\MATLAB\R2015b\runtime\win64;C:\Program Files\MATLAB\R2015b\bin;C:\apache-ant-1.9.6\bin;C:\Program Files\Java\jdk1.8.0_73\bin;C:\Program Files (x86)\Heroku\bin;C:\Program Files (x86)\git\cmd;C:\Program Files (x86)\nodejs;C:\cygwin\bin;C:\Program Files\Sublime Text 3;C:\Python27;C:\Users\user\AppData\Local\atom\bin;C:\Program Files\Docker Toolbox;C:\Users\user\AppData\Roaming\npm;C:\Program Files\Git\usr\bin\vendor_perl;C:\Program Files\Git\usr\bin\core_perl
10 verbose lifecycle daaasgud@1.0.0~babel-node: CWD: C:\Users\user\Desktop\govhack\hidingWally\app
11 silly lifecycle daaasgud@1.0.0~babel-node: Args: [ '/d /s /c',
11 silly lifecycle   'babel-node --presets=es2015 --ignore=\'node_modules|bower_components\' "app.js"' ]
12 silly lifecycle daaasgud@1.0.0~babel-node: Returned: code: 255  signal: null
13 info lifecycle daaasgud@1.0.0~babel-node: Failed to exec babel-node script
14 verbose stack Error: daaasgud@1.0.0 babel-node: `babel-node --presets=es2015 --ignore='node_modules|bower_components' "app.js"`
14 verbose stack Exit status 255
14 verbose stack     at EventEmitter.<anonymous> (C:\Users\user\AppData\Roaming\npm\node_modules\npm\lib\utils\lifecycle.js:245:16)
14 verbose stack     at emitTwo (events.js:106:13)
14 verbose stack     at EventEmitter.emit (events.js:191:7)
14 verbose stack     at ChildProcess.<anonymous> (C:\Users\user\AppData\Roaming\npm\node_modules\npm\lib\utils\spawn.js:24:14)
14 verbose stack     at emitTwo (events.js:106:13)
14 verbose stack     at ChildProcess.emit (events.js:191:7)
14 verbose stack     at maybeClose (internal/child_process.js:850:16)
14 verbose stack     at Process.ChildProcess._handle.onexit (internal/child_process.js:215:5)
15 verbose pkgid daaasgud@1.0.0
16 verbose cwd C:\Users\user\Desktop\govhack\hidingWally\app
17 error Windows_NT 10.0.10586
18 error argv "C:\\Program Files (x86)\\nodejs\\node.exe" "C:\\Users\\user\\AppData\\Roaming\\npm\\node_modules\\npm\\bin\\npm-cli.js" "run" "babel-node" "app.js"
19 error node v6.1.0
20 error npm  v3.9.0
21 error code ELIFECYCLE
22 error daaasgud@1.0.0 babel-node: `babel-node --presets=es2015 --ignore='node_modules|bower_components' "app.js"`
22 error Exit status 255
23 error Failed at the daaasgud@1.0.0 babel-node script 'babel-node --presets=es2015 --ignore='node_modules|bower_components' "app.js"'.
23 error Make sure you have the latest version of node.js and npm installed.
23 error If you do, this is most likely a problem with the daaasgud package,
23 error not with npm itself.
23 error Tell the author that this fails on your system:
23 error     babel-node --presets=es2015 --ignore='node_modules|bower_components' "app.js"
23 error You can get information on how to open an issue for this project with:
23 error     npm bugs daaasgud
23 error Or if that isn't available, you can get their info via:
23 error     npm owner ls daaasgud
23 error There is likely additional logging output above.
24 verbose exit [ 1, true ]
